{"label":"TEMPORAL_PROJECT","level":"info","message":"TEMPORAL_PROJECT is running on PORT 3249","timestamp":"2022-08-12T19:09:47.270Z"}
{"label":"TEMPORAL_PROJECT","level":"info","message":"::1 - - [12/Aug/2022:19:10:17 +0000] \"GET / HTTP/1.1\" 200 84 \"-\" \"Mozilla/5.0 (Windows NT 10.0; Win64; x64) AppleWebKit/537.36 (KHTML, like Gecko) Chrome/104.0.0.0 Safari/537.36\"\n","timestamp":"2022-08-12T19:10:17.776Z"}
{"label":"TEMPORAL_PROJECT","level":"error","message":"ApiError - 404 - Oops, You have reached a dead end - /favicon.ico - GET - ::1","timestamp":"2022-08-12T19:10:18.330Z"}
{"label":"TEMPORAL_PROJECT","level":"info","message":"::1 - - [12/Aug/2022:19:10:18 +0000] \"GET /favicon.ico HTTP/1.1\" 404 63 \"-\" \"Mozilla/5.0 (Windows NT 10.0; Win64; x64) AppleWebKit/537.36 (KHTML, like Gecko) Chrome/104.0.0.0 Safari/537.36\"\n","timestamp":"2022-08-12T19:10:18.334Z"}
{"label":"TEMPORAL_PROJECT","level":"info","message":"TEMPORAL_PROJECT is running on PORT 3249","timestamp":"2022-08-12T19:12:15.287Z"}
{"label":"TEMPORAL_PROJECT","level":"info","message":"TEMPORAL_PROJECT is running on PORT 3249","timestamp":"2022-08-12T19:13:57.141Z"}
{"label":"TEMPORAL_PROJECT","level":"info","message":"TEMPORAL_PROJECT is running on PORT 3249","timestamp":"2022-08-12T19:14:16.794Z"}
{"label":"TEMPORAL_PROJECT","level":"info","message":"TEMPORAL_PROJECT is running on PORT 3249","timestamp":"2022-08-12T19:14:33.358Z"}
{"label":"TEMPORAL_PROJECT","level":"info","message":"TEMPORAL_PROJECT is running on PORT 3249","timestamp":"2022-08-12T19:15:27.708Z"}
{"label":"TEMPORAL_PROJECT","level":"info","message":"TEMPORAL_PROJECT is running on PORT 3249","timestamp":"2022-08-12T19:17:40.360Z"}
{"label":"TEMPORAL_PROJECT","level":"info","message":"TEMPORAL_PROJECT is running on PORT 3249","timestamp":"2022-08-12T19:17:48.899Z"}
{"label":"TEMPORAL_PROJECT","level":"info","message":"TEMPORAL_PROJECT is running on PORT 3249","timestamp":"2022-08-12T19:18:35.262Z"}
{"label":"TEMPORAL_PROJECT","level":"info","message":"TEMPORAL_PROJECT is running on PORT 3249","timestamp":"2022-08-12T19:18:49.440Z"}
{"label":"TEMPORAL_PROJECT","level":"info","message":"TEMPORAL_PROJECT is running on PORT 3249","timestamp":"2022-08-12T19:18:57.388Z"}
{"label":"TEMPORAL_PROJECT","level":"info","message":"TEMPORAL_PROJECT is running on PORT 3249","timestamp":"2022-08-12T19:19:55.806Z"}
{"label":"TEMPORAL_PROJECT","level":"info","message":"TEMPORAL_PROJECT is running on PORT 3249","timestamp":"2022-08-12T19:20:42.013Z"}
{"label":"TEMPORAL_PROJECT","level":"info","message":"TEMPORAL_PROJECT is running on PORT 3249","timestamp":"2022-08-12T19:20:56.747Z"}
{"label":"TEMPORAL_PROJECT","level":"info","message":"TEMPORAL_PROJECT is running on PORT 3249","timestamp":"2022-08-12T19:21:18.393Z"}
{"label":"TEMPORAL_PROJECT","level":"info","message":"TEMPORAL_PROJECT is running on PORT 3249","timestamp":"2022-08-12T19:22:24.393Z"}
{"label":"TEMPORAL_PROJECT","level":"info","message":"TEMPORAL_PROJECT is running on PORT 3249","timestamp":"2022-08-12T19:22:40.931Z"}
{"label":"TEMPORAL_PROJECT","level":"info","message":"TEMPORAL_PROJECT is running on PORT 3249","timestamp":"2022-08-12T19:23:47.517Z"}
{"label":"TEMPORAL_PROJECT","level":"info","message":"TEMPORAL_PROJECT is running on PORT 3249","timestamp":"2022-08-12T19:23:53.821Z"}
{"label":"TEMPORAL_PROJECT","level":"info","message":"TEMPORAL_PROJECT is running on PORT 3249","timestamp":"2022-08-12T19:38:41.520Z"}
{"label":"TEMPORAL_PROJECT","level":"info","message":"TEMPORAL_PROJECT is running on PORT 3249","timestamp":"2022-08-12T19:39:35.747Z"}
{"label":"TEMPORAL_PROJECT","level":"info","message":"TEMPORAL_PROJECT is running on PORT 3249","timestamp":"2022-08-12T19:39:47.840Z"}
{"label":"TEMPORAL_PROJECT","level":"info","message":"TEMPORAL_PROJECT is running on PORT 3249","timestamp":"2022-08-12T19:40:15.253Z"}
{"label":"TEMPORAL_PROJECT","level":"info","message":"TEMPORAL_PROJECT is running on PORT 3249","timestamp":"2022-08-12T19:40:30.134Z"}
{"label":"TEMPORAL_PROJECT","level":"info","message":"TEMPORAL_PROJECT is running on PORT 3249","timestamp":"2022-08-12T19:40:51.348Z"}
{"label":"TEMPORAL_PROJECT","level":"info","message":"TEMPORAL_PROJECT is running on PORT 3249","timestamp":"2022-08-12T19:43:05.940Z"}
{"label":"TEMPORAL_PROJECT","level":"info","message":"TEMPORAL_PROJECT is running on PORT 3249","timestamp":"2022-08-12T19:43:15.218Z"}
{"label":"TEMPORAL_PROJECT","level":"info","message":"TEMPORAL_PROJECT is running on PORT 3249","timestamp":"2022-08-12T19:43:50.043Z"}
{"label":"TEMPORAL_PROJECT","level":"info","message":"TEMPORAL_PROJECT is running on PORT 3249","timestamp":"2022-08-12T19:44:03.463Z"}
{"label":"TEMPORAL_PROJECT","level":"info","message":"TEMPORAL_PROJECT is running on PORT 3249","timestamp":"2022-08-12T19:44:35.444Z"}
{"label":"TEMPORAL_PROJECT","level":"info","message":"TEMPORAL_PROJECT is running on PORT 3249","timestamp":"2022-08-12T19:44:43.642Z"}
{"label":"TEMPORAL_PROJECT","level":"info","message":"TEMPORAL_PROJECT is running on PORT 3249","timestamp":"2022-08-12T19:44:55.781Z"}
{"label":"TEMPORAL_PROJECT","level":"info","message":"TEMPORAL_PROJECT is running on PORT 3249","timestamp":"2022-08-12T19:45:28.364Z"}
{"label":"TEMPORAL_PROJECT","level":"info","message":"TEMPORAL_PROJECT is running on PORT 3249","timestamp":"2022-08-12T19:45:43.162Z"}
{"label":"TEMPORAL_PROJECT","level":"info","message":"TEMPORAL_PROJECT is running on PORT 3249","timestamp":"2022-08-12T19:46:35.651Z"}
{"label":"TEMPORAL_PROJECT","level":"info","message":"TEMPORAL_PROJECT is running on PORT 3249","timestamp":"2022-08-12T19:46:41.514Z"}
{"label":"TEMPORAL_PROJECT","level":"info","message":"TEMPORAL_PROJECT is running on PORT 3249","timestamp":"2022-08-12T19:46:49.154Z"}
{"label":"TEMPORAL_PROJECT","level":"info","message":"TEMPORAL_PROJECT is running on PORT 3249","timestamp":"2022-08-12T19:53:44.446Z"}
{"label":"TEMPORAL_PROJECT","level":"info","message":"TEMPORAL_PROJECT is running on PORT 3249","timestamp":"2022-08-12T19:54:31.275Z"}
{"label":"TEMPORAL_PROJECT","level":"info","message":"TEMPORAL_PROJECT is running on PORT 3249","timestamp":"2022-08-12T19:55:07.288Z"}
{"label":"TEMPORAL_PROJECT","level":"info","message":"TEMPORAL_PROJECT is running on PORT 3249","timestamp":"2022-08-12T19:55:22.080Z"}
{"label":"TEMPORAL_PROJECT","level":"info","message":"TEMPORAL_PROJECT is running on PORT 3249","timestamp":"2022-08-12T19:56:01.275Z"}
{"label":"TEMPORAL_PROJECT","level":"info","message":"TEMPORAL_PROJECT is running on PORT 3249","timestamp":"2022-08-12T19:56:11.864Z"}
{"label":"TEMPORAL_PROJECT","level":"info","message":"TEMPORAL_PROJECT is running on PORT 3249","timestamp":"2022-08-12T19:56:26.940Z"}
{"label":"TEMPORAL_PROJECT","level":"info","message":"TEMPORAL_PROJECT is running on PORT 3249","timestamp":"2022-08-12T19:56:40.078Z"}
{"label":"TEMPORAL_PROJECT","level":"info","message":"TEMPORAL_PROJECT is running on PORT 3249","timestamp":"2022-08-12T19:56:48.084Z"}
{"label":"TEMPORAL_PROJECT","level":"info","message":"TEMPORAL_PROJECT is running on PORT 3249","timestamp":"2022-08-12T19:57:19.310Z"}
{"label":"TEMPORAL_PROJECT","level":"info","message":"TEMPORAL_PROJECT is running on PORT 3249","timestamp":"2022-08-12T20:00:17.054Z"}
{"label":"TEMPORAL_PROJECT","level":"info","message":"TEMPORAL_PROJECT is running on PORT 3249","timestamp":"2022-08-12T20:00:27.669Z"}
{"label":"TEMPORAL_PROJECT","level":"info","message":"TEMPORAL_PROJECT is running on PORT 3249","timestamp":"2022-08-12T20:00:48.675Z"}
{"label":"TEMPORAL_PROJECT","level":"info","message":"TEMPORAL_PROJECT is running on PORT 3249","timestamp":"2022-08-12T20:01:10.103Z"}
{"label":"TEMPORAL_PROJECT","level":"info","message":"TEMPORAL_PROJECT is running on PORT 3249","timestamp":"2022-08-12T20:02:13.772Z"}
{"label":"TEMPORAL_PROJECT","level":"info","message":"TEMPORAL_PROJECT is running on PORT 3249","timestamp":"2022-08-12T20:02:34.692Z"}
{"label":"TEMPORAL_PROJECT","level":"info","message":"TEMPORAL_PROJECT is running on PORT 3249","timestamp":"2022-08-12T20:02:48.392Z"}
{"label":"TEMPORAL_PROJECT","level":"info","message":"TEMPORAL_PROJECT is running on PORT 3249","timestamp":"2022-08-12T20:03:06.916Z"}
{"label":"TEMPORAL_PROJECT","level":"info","message":"TEMPORAL_PROJECT is running on PORT 3249","timestamp":"2022-08-12T20:03:39.222Z"}
{"label":"TEMPORAL_PROJECT","level":"info","message":"TEMPORAL_PROJECT is running on PORT 3249","timestamp":"2022-08-12T20:03:55.060Z"}
{"label":"TEMPORAL_PROJECT","level":"info","message":"TEMPORAL_PROJECT is running on PORT 3249","timestamp":"2022-08-12T20:04:04.328Z"}
{"label":"TEMPORAL_PROJECT","level":"info","message":"TEMPORAL_PROJECT is running on PORT 3249","timestamp":"2022-08-12T20:04:26.826Z"}
{"label":"TEMPORAL_PROJECT","level":"info","message":"TEMPORAL_PROJECT is running on PORT 3249","timestamp":"2022-08-12T20:04:35.135Z"}
{"label":"TEMPORAL_PROJECT","level":"info","message":"TEMPORAL_PROJECT is running on PORT 3249","timestamp":"2022-08-12T20:04:45.281Z"}
{"label":"TEMPORAL_PROJECT","level":"info","message":"TEMPORAL_PROJECT is running on PORT 3249","timestamp":"2022-08-12T20:05:11.628Z"}
{"label":"TEMPORAL_PROJECT","level":"info","message":"TEMPORAL_PROJECT is running on PORT 3249","timestamp":"2022-08-12T20:05:28.451Z"}
{"label":"TEMPORAL_PROJECT","level":"info","message":"TEMPORAL_PROJECT is running on PORT 3249","timestamp":"2022-08-12T20:05:39.558Z"}
{"label":"TEMPORAL_PROJECT","level":"info","message":"TEMPORAL_PROJECT is running on PORT 3249","timestamp":"2022-08-12T20:05:57.348Z"}
{"label":"TEMPORAL_PROJECT","level":"info","message":"TEMPORAL_PROJECT is running on PORT 3249","timestamp":"2022-08-12T20:06:31.159Z"}
{"label":"TEMPORAL_PROJECT","level":"info","message":"TEMPORAL_PROJECT is running on PORT 3249","timestamp":"2022-08-12T20:07:46.701Z"}
{"label":"TEMPORAL_PROJECT","level":"info","message":"TEMPORAL_PROJECT is running on PORT 3249","timestamp":"2022-08-12T20:07:54.349Z"}
{"label":"TEMPORAL_PROJECT","level":"info","message":"TEMPORAL_PROJECT is running on PORT 3249","timestamp":"2022-08-12T20:08:18.898Z"}
{"label":"TEMPORAL_PROJECT","level":"info","message":"TEMPORAL_PROJECT is running on PORT 3249","timestamp":"2022-08-12T20:08:41.918Z"}
{"label":"TEMPORAL_PROJECT","level":"info","message":"TEMPORAL_PROJECT is running on PORT 3249","timestamp":"2022-08-12T20:09:10.809Z"}
{"label":"TEMPORAL_PROJECT","level":"info","message":"TEMPORAL_PROJECT is running on PORT 3249","timestamp":"2022-08-12T20:09:38.083Z"}
{"label":"TEMPORAL_PROJECT","level":"info","message":"TEMPORAL_PROJECT is running on PORT 3249","timestamp":"2022-08-12T21:08:09.776Z"}
{"label":"TEMPORAL_PROJECT","level":"info","message":"TEMPORAL_PROJECT is running on PORT 3249","timestamp":"2022-08-12T21:08:46.369Z"}
{"label":"TEMPORAL_PROJECT","level":"info","message":"TEMPORAL_PROJECT is running on PORT 3249","timestamp":"2022-08-12T21:09:14.886Z"}
{"label":"TEMPORAL_PROJECT","level":"info","message":"TEMPORAL_PROJECT is running on PORT 3249","timestamp":"2022-08-12T21:09:55.923Z"}
{"label":"TEMPORAL_PROJECT","level":"info","message":"TEMPORAL_PROJECT is running on PORT 3249","timestamp":"2022-08-12T21:10:08.219Z"}
{"label":"TEMPORAL_PROJECT","level":"info","message":"TEMPORAL_PROJECT is running on PORT 3249","timestamp":"2022-08-12T21:14:17.906Z"}
{"label":"TEMPORAL_PROJECT","level":"info","message":"TEMPORAL_PROJECT is running on PORT 3249","timestamp":"2022-08-12T21:14:35.277Z"}
{"label":"TEMPORAL_PROJECT","level":"info","message":"TEMPORAL_PROJECT is running on PORT 3249","timestamp":"2022-08-12T21:15:11.913Z"}
{"label":"TEMPORAL_PROJECT","level":"info","message":"TEMPORAL_PROJECT is running on PORT 3249","timestamp":"2022-08-12T21:15:31.370Z"}
{"label":"TEMPORAL_PROJECT","level":"info","message":"TEMPORAL_PROJECT is running on PORT 3249","timestamp":"2022-08-12T21:45:27.525Z"}
{"label":"TEMPORAL_PROJECT","level":"info","message":"TEMPORAL_PROJECT is running on PORT 3249","timestamp":"2022-08-12T21:46:07.925Z"}
{"label":"TEMPORAL_PROJECT","level":"info","message":"TEMPORAL_PROJECT is running on PORT 3249","timestamp":"2022-08-12T21:47:00.272Z"}
{"label":"TEMPORAL_PROJECT","level":"info","message":"TEMPORAL_PROJECT is running on PORT 3249","timestamp":"2022-08-12T21:47:23.709Z"}
{"label":"TEMPORAL_PROJECT","level":"info","message":"TEMPORAL_PROJECT is running on PORT 3249","timestamp":"2022-08-12T21:47:43.834Z"}
{"label":"TEMPORAL_PROJECT","level":"info","message":"TEMPORAL_PROJECT is running on PORT 3249","timestamp":"2022-08-12T21:48:13.926Z"}
{"label":"TEMPORAL_PROJECT","level":"info","message":"TEMPORAL_PROJECT is running on PORT 3249","timestamp":"2022-08-12T21:49:00.471Z"}
{"label":"TEMPORAL_PROJECT","level":"info","message":"TEMPORAL_PROJECT is running on PORT 3249","timestamp":"2022-08-12T21:49:18.151Z"}
{"label":"TEMPORAL_PROJECT","level":"info","message":"TEMPORAL_PROJECT is running on PORT 3249","timestamp":"2022-08-12T21:54:30.036Z"}
{"label":"TEMPORAL_PROJECT","level":"info","message":"TEMPORAL_PROJECT is running on PORT 3249","timestamp":"2022-08-12T21:54:55.431Z"}
{"label":"TEMPORAL_PROJECT","level":"info","message":"TEMPORAL_PROJECT is running on PORT 3249","timestamp":"2022-08-12T21:55:14.417Z"}
{"label":"TEMPORAL_PROJECT","level":"info","message":"TEMPORAL_PROJECT is running on PORT 3249","timestamp":"2022-08-12T21:57:00.399Z"}
{"label":"TEMPORAL_PROJECT","level":"info","message":"TEMPORAL_PROJECT is running on PORT 3249","timestamp":"2022-08-12T21:57:40.685Z"}
{"label":"TEMPORAL_PROJECT","level":"info","message":"TEMPORAL_PROJECT is running on PORT 3249","timestamp":"2022-08-12T21:59:23.914Z"}
{"label":"TEMPORAL_PROJECT","level":"info","message":"TEMPORAL_PROJECT is running on PORT 3249","timestamp":"2022-08-12T21:59:55.092Z"}
{"label":"TEMPORAL_PROJECT","level":"info","message":"TEMPORAL_PROJECT is running on PORT 3249","timestamp":"2022-08-12T22:00:32.069Z"}
{"label":"TEMPORAL_PROJECT","level":"info","message":"TEMPORAL_PROJECT is running on PORT 3249","timestamp":"2022-08-12T22:00:55.876Z"}
{"label":"TEMPORAL_PROJECT","level":"info","message":"TEMPORAL_PROJECT is running on PORT 3249","timestamp":"2022-08-12T22:02:25.300Z"}
{"label":"TEMPORAL_PROJECT","level":"info","message":"TEMPORAL_PROJECT is running on PORT 3249","timestamp":"2022-08-12T22:02:33.173Z"}
{"label":"TEMPORAL_PROJECT","level":"info","message":"TEMPORAL_PROJECT is running on PORT 3249","timestamp":"2022-08-12T22:04:34.254Z"}
{"label":"TEMPORAL_PROJECT","level":"info","message":"TEMPORAL_PROJECT is running on PORT 3249","timestamp":"2022-08-12T22:04:55.511Z"}
{"label":"TEMPORAL_PROJECT","level":"info","message":"TEMPORAL_PROJECT is running on PORT 3249","timestamp":"2022-08-12T22:05:53.029Z"}
{"label":"TEMPORAL_PROJECT","level":"info","message":"TEMPORAL_PROJECT is running on PORT 3249","timestamp":"2022-08-12T22:25:05.116Z"}
{"label":"TEMPORAL_PROJECT","level":"info","message":"TEMPORAL_PROJECT is running on PORT 3249","timestamp":"2022-08-12T22:25:18.405Z"}
{"label":"TEMPORAL_PROJECT","level":"info","message":"TEMPORAL_PROJECT is running on PORT 3249","timestamp":"2022-08-12T22:25:28.703Z"}
{"label":"TEMPORAL_PROJECT","level":"info","message":"TEMPORAL_PROJECT is running on PORT 3249","timestamp":"2022-08-12T22:25:45.502Z"}
{"label":"TEMPORAL_PROJECT","level":"info","message":"TEMPORAL_PROJECT is running on PORT 3249","timestamp":"2022-08-12T22:26:56.530Z"}
{"label":"TEMPORAL_PROJECT","level":"info","message":"TEMPORAL_PROJECT is running on PORT 3249","timestamp":"2022-08-13T08:44:11.556Z"}
{"label":"TEMPORAL_PROJECT","level":"info","message":"TEMPORAL_PROJECT is running on PORT 3249","timestamp":"2022-08-13T08:44:21.765Z"}
{"label":"TEMPORAL_PROJECT","level":"info","message":"TEMPORAL_PROJECT is running on PORT 3249","timestamp":"2022-08-13T08:44:39.942Z"}
{"label":"TEMPORAL_PROJECT","level":"info","message":"TEMPORAL_PROJECT is running on PORT 3249","timestamp":"2022-08-13T08:44:52.874Z"}
{"label":"TEMPORAL_PROJECT","level":"info","message":"TEMPORAL_PROJECT is running on PORT 3249","timestamp":"2022-08-13T08:45:43.128Z"}
{"label":"TEMPORAL_PROJECT","level":"info","message":"TEMPORAL_PROJECT is running on PORT 3249","timestamp":"2022-08-13T08:47:38.614Z"}
{"label":"TEMPORAL_PROJECT","level":"info","message":"TEMPORAL_PROJECT is running on PORT 3249","timestamp":"2022-08-13T08:47:57.343Z"}
{"label":"TEMPORAL_PROJECT","level":"info","message":"TEMPORAL_PROJECT is running on PORT 3249","timestamp":"2022-08-13T08:48:55.459Z"}
{"label":"TEMPORAL_PROJECT","level":"info","message":"TEMPORAL_PROJECT is running on PORT 3249","timestamp":"2022-08-13T08:49:32.613Z"}
{"label":"TEMPORAL_PROJECT","level":"info","message":"TEMPORAL_PROJECT is running on PORT 3249","timestamp":"2022-08-13T08:49:40.107Z"}
{"label":"TEMPORAL_PROJECT","level":"info","message":"TEMPORAL_PROJECT is running on PORT 3249","timestamp":"2022-08-13T08:49:48.206Z"}
{"label":"TEMPORAL_PROJECT","level":"info","message":"TEMPORAL_PROJECT is running on PORT 3249","timestamp":"2022-08-13T08:59:39.147Z"}
{"label":"TEMPORAL_PROJECT","level":"info","message":"TEMPORAL_PROJECT is running on PORT 3249","timestamp":"2022-08-13T09:00:00.953Z"}
{"label":"TEMPORAL_PROJECT","level":"info","message":"TEMPORAL_PROJECT is running on PORT 3249","timestamp":"2022-08-13T09:00:14.781Z"}
{"label":"TEMPORAL_PROJECT","level":"info","message":"TEMPORAL_PROJECT is running on PORT 3249","timestamp":"2022-08-13T09:05:32.916Z"}
{"label":"TEMPORAL_PROJECT","level":"info","message":"TEMPORAL_PROJECT is running on PORT 3249","timestamp":"2022-08-13T09:05:40.520Z"}
{"label":"TEMPORAL_PROJECT","level":"info","message":"TEMPORAL_PROJECT is running on PORT 3249","timestamp":"2022-08-13T09:05:51.219Z"}
{"label":"TEMPORAL_PROJECT","level":"info","message":"TEMPORAL_PROJECT is running on PORT 3249","timestamp":"2022-08-13T09:06:02.886Z"}
{"label":"TEMPORAL_PROJECT","level":"info","message":"TEMPORAL_PROJECT is running on PORT 3249","timestamp":"2022-08-13T09:07:09.431Z"}
{"label":"TEMPORAL_PROJECT","level":"info","message":"TEMPORAL_PROJECT is running on PORT 3249","timestamp":"2022-08-13T09:07:33.157Z"}
{"label":"TEMPORAL_PROJECT","level":"info","message":"TEMPORAL_PROJECT is running on PORT 3249","timestamp":"2022-08-13T09:08:31.007Z"}
{"label":"TEMPORAL_PROJECT","level":"info","message":"TEMPORAL_PROJECT is running on PORT 3249","timestamp":"2022-08-13T09:08:58.191Z"}
{"label":"TEMPORAL_PROJECT","level":"info","message":"TEMPORAL_PROJECT is running on PORT 3249","timestamp":"2022-08-13T09:09:22.815Z"}
{"label":"TEMPORAL_PROJECT","level":"info","message":"TEMPORAL_PROJECT is running on PORT 3249","timestamp":"2022-08-13T09:09:44.042Z"}
{"label":"TEMPORAL_PROJECT","level":"info","message":"TEMPORAL_PROJECT is running on PORT 3249","timestamp":"2022-08-13T09:10:03.036Z"}
{"label":"TEMPORAL_PROJECT","level":"info","message":"TEMPORAL_PROJECT is running on PORT 3249","timestamp":"2022-08-13T09:10:09.241Z"}
{"label":"TEMPORAL_PROJECT","level":"info","message":"TEMPORAL_PROJECT is running on PORT 3249","timestamp":"2022-08-13T09:10:29.616Z"}
{"label":"TEMPORAL_PROJECT","level":"info","message":"TEMPORAL_PROJECT is running on PORT 3249","timestamp":"2022-08-13T09:12:34.858Z"}
{"label":"TEMPORAL_PROJECT","level":"info","message":"TEMPORAL_PROJECT is running on PORT 3249","timestamp":"2022-08-13T09:12:53.264Z"}
{"label":"TEMPORAL_PROJECT","level":"info","message":"TEMPORAL_PROJECT is running on PORT 3249","timestamp":"2022-08-13T09:12:59.871Z"}
{"label":"TEMPORAL_PROJECT","level":"info","message":"TEMPORAL_PROJECT is running on PORT 3249","timestamp":"2022-08-13T09:18:05.398Z"}
{"label":"TEMPORAL_PROJECT","level":"info","message":"TEMPORAL_PROJECT is running on PORT 3249","timestamp":"2022-08-13T09:18:26.021Z"}
{"label":"TEMPORAL_PROJECT","level":"info","message":"TEMPORAL_PROJECT is running on PORT 3249","timestamp":"2022-08-13T09:18:59.048Z"}
{"label":"TEMPORAL_PROJECT","level":"info","message":"TEMPORAL_PROJECT is running on PORT 3249","timestamp":"2022-08-13T09:19:09.891Z"}
{"label":"TEMPORAL_PROJECT","level":"info","message":"TEMPORAL_PROJECT is running on PORT 3249","timestamp":"2022-08-13T09:20:34.176Z"}
{"label":"TEMPORAL_PROJECT","level":"info","message":"TEMPORAL_PROJECT is running on PORT 3249","timestamp":"2022-08-13T09:21:37.573Z"}
{"label":"TEMPORAL_PROJECT","level":"info","message":"TEMPORAL_PROJECT is running on PORT 3249","timestamp":"2022-08-13T09:22:00.211Z"}
{"label":"TEMPORAL_PROJECT","level":"info","message":"TEMPORAL_PROJECT is running on PORT 3249","timestamp":"2022-08-13T09:26:33.962Z"}
{"label":"TEMPORAL_PROJECT","level":"info","message":"TEMPORAL_PROJECT is running on PORT 3249","timestamp":"2022-08-13T09:32:18.226Z"}
{"label":"TEMPORAL_PROJECT","level":"info","message":"TEMPORAL_PROJECT is running on PORT 3249","timestamp":"2022-08-13T09:32:38.824Z"}
{"label":"TEMPORAL_PROJECT","level":"info","message":"TEMPORAL_PROJECT is running on PORT 3249","timestamp":"2022-08-13T09:32:56.164Z"}
{"label":"TEMPORAL_PROJECT","level":"info","message":"TEMPORAL_PROJECT is running on PORT 3249","timestamp":"2022-08-13T09:33:34.549Z"}
{"label":"TEMPORAL_PROJECT","level":"info","message":"TEMPORAL_PROJECT is running on PORT 3249","timestamp":"2022-08-13T09:33:47.468Z"}
{"label":"TEMPORAL_PROJECT","level":"info","message":"TEMPORAL_PROJECT is running on PORT 3249","timestamp":"2022-08-13T09:34:22.472Z"}
{"label":"TEMPORAL_PROJECT","level":"info","message":"TEMPORAL_PROJECT is running on PORT 3249","timestamp":"2022-08-13T09:37:08.258Z"}
{"label":"TEMPORAL_PROJECT","level":"info","message":"TEMPORAL_PROJECT is running on PORT 3249","timestamp":"2022-08-13T09:37:56.676Z"}
{"label":"TEMPORAL_PROJECT","level":"info","message":"TEMPORAL_PROJECT is running on PORT 3249","timestamp":"2022-08-13T10:58:18.135Z"}
{"label":"TEMPORAL_PROJECT","level":"info","message":"TEMPORAL_PROJECT is running on PORT 3249","timestamp":"2022-08-13T12:14:20.155Z"}
{"label":"TEMPORAL_PROJECT","level":"info","message":"TEMPORAL_PROJECT is running on PORT 3249","timestamp":"2022-08-13T12:17:12.330Z"}
{"label":"TEMPORAL_PROJECT","level":"info","message":"TEMPORAL_PROJECT is running on PORT 3249","timestamp":"2022-08-13T12:17:21.618Z"}
{"label":"TEMPORAL_PROJECT","level":"info","message":"TEMPORAL_PROJECT is running on PORT 3249","timestamp":"2022-08-13T12:17:29.268Z"}
{"label":"TEMPORAL_PROJECT","level":"info","message":"TEMPORAL_PROJECT is running on PORT 3249","timestamp":"2022-08-13T12:18:34.248Z"}
{"label":"TEMPORAL_PROJECT","level":"info","message":"TEMPORAL_PROJECT is running on PORT 3249","timestamp":"2022-08-13T12:18:40.912Z"}
{"label":"TEMPORAL_PROJECT","level":"info","message":"TEMPORAL_PROJECT is running on PORT 3249","timestamp":"2022-08-13T12:18:47.144Z"}
{"label":"TEMPORAL_PROJECT","level":"info","message":"TEMPORAL_PROJECT is running on PORT 3249","timestamp":"2022-08-13T12:18:54.699Z"}
{"label":"TEMPORAL_PROJECT","level":"info","message":"TEMPORAL_PROJECT is running on PORT 3249","timestamp":"2022-08-13T12:19:13.903Z"}
{"label":"TEMPORAL_PROJECT","level":"info","message":"TEMPORAL_PROJECT is running on PORT 3249","timestamp":"2022-08-13T12:19:44.981Z"}
{"label":"TEMPORAL_PROJECT","level":"info","message":"TEMPORAL_PROJECT is running on PORT 3249","timestamp":"2022-08-13T12:20:03.310Z"}
{"label":"TEMPORAL_PROJECT","level":"info","message":"TEMPORAL_PROJECT is running on PORT 3249","timestamp":"2022-08-13T12:20:10.180Z"}
{"label":"TEMPORAL_PROJECT","level":"info","message":"TEMPORAL_PROJECT is running on PORT 3249","timestamp":"2022-08-13T12:20:22.278Z"}
{"label":"TEMPORAL_PROJECT","level":"info","message":"TEMPORAL_PROJECT is running on PORT 3249","timestamp":"2022-08-13T12:20:54.316Z"}
{"label":"TEMPORAL_PROJECT","level":"info","message":"TEMPORAL_PROJECT is running on PORT 3249","timestamp":"2022-08-13T12:21:24.339Z"}
{"label":"TEMPORAL_PROJECT","level":"info","message":"TEMPORAL_PROJECT is running on PORT 3249","timestamp":"2022-08-13T12:25:49.432Z"}
{"label":"TEMPORAL_PROJECT","level":"info","message":"TEMPORAL_PROJECT is running on PORT 3249","timestamp":"2022-08-13T12:26:48.195Z"}
{"label":"TEMPORAL_PROJECT","level":"info","message":"TEMPORAL_PROJECT is running on PORT 3249","timestamp":"2022-08-13T12:27:02.008Z"}
{"label":"TEMPORAL_PROJECT","level":"info","message":"TEMPORAL_PROJECT is running on PORT 3249","timestamp":"2022-08-13T12:28:43.342Z"}
{"label":"TEMPORAL_PROJECT","level":"info","message":"TEMPORAL_PROJECT is running on PORT 3249","timestamp":"2022-08-13T12:28:59.941Z"}
{"label":"TEMPORAL_PROJECT","level":"info","message":"TEMPORAL_PROJECT is running on PORT 3249","timestamp":"2022-08-13T12:29:15.947Z"}
{"label":"TEMPORAL_PROJECT","level":"info","message":"TEMPORAL_PROJECT is running on PORT 3249","timestamp":"2022-08-13T12:29:40.548Z"}
{"label":"TEMPORAL_PROJECT","level":"info","message":"TEMPORAL_PROJECT is running on PORT 3249","timestamp":"2022-08-13T12:30:06.348Z"}
{"label":"TEMPORAL_PROJECT","level":"info","message":"TEMPORAL_PROJECT is running on PORT 3249","timestamp":"2022-08-13T12:31:50.146Z"}
{"label":"TEMPORAL_PROJECT","level":"info","message":"TEMPORAL_PROJECT is running on PORT 3249","timestamp":"2022-08-13T12:32:02.898Z"}
{"label":"TEMPORAL_PROJECT","level":"info","message":"TEMPORAL_PROJECT is running on PORT 3249","timestamp":"2022-08-13T12:32:26.459Z"}
{"label":"TEMPORAL_PROJECT","level":"info","message":"TEMPORAL_PROJECT is running on PORT 3249","timestamp":"2022-08-13T12:32:48.214Z"}
{"label":"TEMPORAL_PROJECT","level":"info","message":"TEMPORAL_PROJECT is running on PORT 3249","timestamp":"2022-08-13T12:32:54.794Z"}
{"label":"TEMPORAL_PROJECT","level":"info","message":"TEMPORAL_PROJECT is running on PORT 3249","timestamp":"2022-08-13T12:33:13.353Z"}
{"label":"TEMPORAL_PROJECT","level":"info","message":"TEMPORAL_PROJECT is running on PORT 3249","timestamp":"2022-08-13T12:33:31.230Z"}
{"label":"TEMPORAL_PROJECT","level":"info","message":"TEMPORAL_PROJECT is running on PORT 3249","timestamp":"2022-08-13T12:33:50.122Z"}
{"label":"TEMPORAL_PROJECT","level":"info","message":"TEMPORAL_PROJECT is running on PORT 3249","timestamp":"2022-08-13T12:34:33.681Z"}
{"label":"TEMPORAL_PROJECT","level":"info","message":"TEMPORAL_PROJECT is running on PORT 3249","timestamp":"2022-08-13T12:35:01.726Z"}
{"label":"TEMPORAL_PROJECT","level":"info","message":"TEMPORAL_PROJECT is running on PORT 3249","timestamp":"2022-08-13T12:35:23.170Z"}
{"label":"TEMPORAL_PROJECT","level":"info","message":"TEMPORAL_PROJECT is running on PORT 3249","timestamp":"2022-08-13T12:35:44.796Z"}
{"label":"TEMPORAL_PROJECT","level":"info","message":"TEMPORAL_PROJECT is running on PORT 3249","timestamp":"2022-08-13T12:36:10.968Z"}
{"label":"TEMPORAL_PROJECT","level":"info","message":"TEMPORAL_PROJECT is running on PORT 3249","timestamp":"2022-08-13T12:37:05.428Z"}
{"label":"TEMPORAL_PROJECT","level":"info","message":"TEMPORAL_PROJECT is running on PORT 3249","timestamp":"2022-08-13T12:38:00.986Z"}
{"label":"TEMPORAL_PROJECT","level":"info","message":"TEMPORAL_PROJECT is running on PORT 3249","timestamp":"2022-08-13T12:38:59.108Z"}
{"label":"TEMPORAL_PROJECT","level":"info","message":"TEMPORAL_PROJECT is running on PORT 3249","timestamp":"2022-08-13T12:39:43.466Z"}
{"label":"TEMPORAL_PROJECT","level":"info","message":"TEMPORAL_PROJECT is running on PORT 3249","timestamp":"2022-08-13T12:51:40.338Z"}
{"label":"TEMPORAL_PROJECT","level":"info","message":"TEMPORAL_PROJECT is running on PORT 3249","timestamp":"2022-08-13T12:53:09.939Z"}
{"label":"TEMPORAL_PROJECT","level":"info","message":"TEMPORAL_PROJECT is running on PORT 3249","timestamp":"2022-08-13T12:53:45.001Z"}
{"label":"TEMPORAL_PROJECT","level":"info","message":"TEMPORAL_PROJECT is running on PORT 3249","timestamp":"2022-08-13T12:54:32.419Z"}
{"label":"TEMPORAL_PROJECT","level":"info","message":"TEMPORAL_PROJECT is running on PORT 3249","timestamp":"2022-08-13T12:54:49.837Z"}
{"label":"TEMPORAL_PROJECT","level":"info","message":"TEMPORAL_PROJECT is running on PORT 3249","timestamp":"2022-08-13T12:55:03.983Z"}
{"label":"TEMPORAL_PROJECT","level":"info","message":"TEMPORAL_PROJECT is running on PORT 3249","timestamp":"2022-08-13T12:56:15.575Z"}
{"label":"TEMPORAL_PROJECT","level":"info","message":"TEMPORAL_PROJECT is running on PORT 3249","timestamp":"2022-08-13T12:57:09.862Z"}
{"label":"TEMPORAL_PROJECT","level":"info","message":"TEMPORAL_PROJECT is running on PORT 3249","timestamp":"2022-08-13T12:57:23.663Z"}
{"label":"TEMPORAL_PROJECT","level":"info","message":"TEMPORAL_PROJECT is running on PORT 3249","timestamp":"2022-08-13T13:14:20.564Z"}
{"label":"TEMPORAL_PROJECT","level":"info","message":"TEMPORAL_PROJECT is running on PORT 3249","timestamp":"2022-08-13T13:15:16.748Z"}
{"label":"TEMPORAL_PROJECT","level":"info","message":"TEMPORAL_PROJECT is running on PORT 3249","timestamp":"2022-08-13T13:15:28.757Z"}
{"label":"TEMPORAL_PROJECT","level":"info","message":"TEMPORAL_PROJECT is running on PORT 3249","timestamp":"2022-08-13T13:15:41.807Z"}
{"label":"TEMPORAL_PROJECT","level":"info","message":"TEMPORAL_PROJECT is running on PORT 3249","timestamp":"2022-08-13T13:22:24.825Z"}
{"label":"TEMPORAL_PROJECT","level":"info","message":"TEMPORAL_PROJECT is running on PORT 3249","timestamp":"2022-08-13T13:22:40.040Z"}
{"label":"TEMPORAL_PROJECT","level":"info","message":"TEMPORAL_PROJECT is running on PORT 3249","timestamp":"2022-08-13T13:22:53.675Z"}
{"label":"TEMPORAL_PROJECT","level":"info","message":"TEMPORAL_PROJECT is running on PORT 3249","timestamp":"2022-08-13T13:23:04.659Z"}
{"label":"TEMPORAL_PROJECT","level":"info","message":"TEMPORAL_PROJECT is running on PORT 3249","timestamp":"2022-08-13T13:23:22.136Z"}
{"label":"TEMPORAL_PROJECT","level":"info","message":"TEMPORAL_PROJECT is running on PORT 3249","timestamp":"2022-08-13T13:23:38.395Z"}
{"label":"TEMPORAL_PROJECT","level":"info","message":"TEMPORAL_PROJECT is running on PORT 3249","timestamp":"2022-08-13T13:24:37.119Z"}
{"label":"TEMPORAL_PROJECT","level":"info","message":"TEMPORAL_PROJECT is running on PORT 3249","timestamp":"2022-08-13T13:24:53.914Z"}
{"label":"TEMPORAL_PROJECT","level":"info","message":"TEMPORAL_PROJECT is running on PORT 3249","timestamp":"2022-08-13T13:25:03.831Z"}
{"label":"TEMPORAL_PROJECT","level":"info","message":"TEMPORAL_PROJECT is running on PORT 3249","timestamp":"2022-08-13T13:25:22.687Z"}
{"label":"TEMPORAL_PROJECT","level":"info","message":"TEMPORAL_PROJECT is running on PORT 3249","timestamp":"2022-08-13T13:25:46.780Z"}
{"label":"TEMPORAL_PROJECT","level":"info","message":"TEMPORAL_PROJECT is running on PORT 3249","timestamp":"2022-08-13T13:26:07.564Z"}
{"label":"TEMPORAL_PROJECT","level":"info","message":"TEMPORAL_PROJECT is running on PORT 3249","timestamp":"2022-08-13T19:15:28.507Z"}
{"label":"TEMPORAL_PROJECT","level":"info","message":"TEMPORAL_PROJECT is running on PORT 3249","timestamp":"2022-08-13T19:16:45.421Z"}
{"label":"TEMPORAL_PROJECT","level":"info","message":"TEMPORAL_PROJECT is running on PORT 3249","timestamp":"2022-08-13T19:17:09.746Z"}
{"label":"TEMPORAL_PROJECT","level":"info","message":"TEMPORAL_PROJECT is running on PORT 3249","timestamp":"2022-08-13T19:18:37.167Z"}
{"label":"TEMPORAL_PROJECT","level":"info","message":"TEMPORAL_PROJECT is running on PORT 3249","timestamp":"2022-08-13T19:18:54.620Z"}
{"label":"TEMPORAL_PROJECT","level":"info","message":"TEMPORAL_PROJECT is running on PORT 3249","timestamp":"2022-08-13T19:19:12.089Z"}
{"label":"TEMPORAL_PROJECT","level":"info","message":"TEMPORAL_PROJECT is running on PORT 3249","timestamp":"2022-08-13T19:31:38.614Z"}
{"label":"TEMPORAL_PROJECT","level":"info","message":"TEMPORAL_PROJECT is running on PORT 3249","timestamp":"2022-08-13T19:31:55.485Z"}
{"label":"TEMPORAL_PROJECT","level":"info","message":"TEMPORAL_PROJECT is running on PORT 3249","timestamp":"2022-08-13T19:32:11.232Z"}
{"label":"TEMPORAL_PROJECT","level":"info","message":"TEMPORAL_PROJECT is running on PORT 3249","timestamp":"2022-08-13T19:32:57.050Z"}
{"label":"TEMPORAL_PROJECT","level":"info","message":"TEMPORAL_PROJECT is running on PORT 3249","timestamp":"2022-08-13T19:36:10.777Z"}
{"label":"TEMPORAL_PROJECT","level":"info","message":"TEMPORAL_PROJECT is running on PORT 3249","timestamp":"2022-08-13T19:41:36.330Z"}
{"label":"TEMPORAL_PROJECT","level":"info","message":"TEMPORAL_PROJECT is running on PORT 3249","timestamp":"2022-08-13T19:41:49.669Z"}
{"label":"TEMPORAL_PROJECT","level":"info","message":"TEMPORAL_PROJECT is running on PORT 3249","timestamp":"2022-08-13T19:42:09.445Z"}
{"label":"TEMPORAL_PROJECT","level":"info","message":"TEMPORAL_PROJECT is running on PORT 3249","timestamp":"2022-08-13T19:42:42.588Z"}
{"label":"TEMPORAL_PROJECT","level":"info","message":"TEMPORAL_PROJECT is running on PORT 3249","timestamp":"2022-08-13T19:42:56.165Z"}
{"label":"TEMPORAL_PROJECT","level":"info","message":"TEMPORAL_PROJECT is running on PORT 3249","timestamp":"2022-08-13T19:43:08.616Z"}
{"label":"TEMPORAL_PROJECT","level":"info","message":"TEMPORAL_PROJECT is running on PORT 3249","timestamp":"2022-08-13T19:43:31.437Z"}
{"label":"TEMPORAL_PROJECT","level":"info","message":"TEMPORAL_PROJECT is running on PORT 3249","timestamp":"2022-08-13T19:43:41.372Z"}
{"label":"TEMPORAL_PROJECT","level":"info","message":"TEMPORAL_PROJECT is running on PORT 3249","timestamp":"2022-08-13T19:44:17.535Z"}
{"label":"TEMPORAL_PROJECT","level":"info","message":"TEMPORAL_PROJECT is running on PORT 3249","timestamp":"2022-08-13T20:05:48.266Z"}
{"label":"TEMPORAL_PROJECT","level":"info","message":"TEMPORAL_PROJECT is running on PORT 3249","timestamp":"2022-08-13T20:06:06.812Z"}
{"label":"TEMPORAL_PROJECT","level":"info","message":"TEMPORAL_PROJECT is running on PORT 3249","timestamp":"2022-08-13T20:13:04.041Z"}
{"label":"TEMPORAL_PROJECT","level":"info","message":"TEMPORAL_PROJECT is running on PORT 3249","timestamp":"2022-08-13T20:13:12.385Z"}
{"label":"TEMPORAL_PROJECT","level":"info","message":"TEMPORAL_PROJECT is running on PORT 3249","timestamp":"2022-08-13T20:13:27.652Z"}
{"label":"TEMPORAL_PROJECT","level":"info","message":"TEMPORAL_PROJECT is running on PORT 3249","timestamp":"2022-08-13T20:14:04.735Z"}
{"label":"TEMPORAL_PROJECT","level":"info","message":"TEMPORAL_PROJECT is running on PORT 3249","timestamp":"2022-08-13T20:23:27.074Z"}
{"label":"TEMPORAL_PROJECT","level":"info","message":"TEMPORAL_PROJECT is running on PORT 3249","timestamp":"2022-08-13T20:23:38.495Z"}
{"label":"TEMPORAL_PROJECT","level":"info","message":"TEMPORAL_PROJECT is running on PORT 3249","timestamp":"2022-08-13T20:23:45.014Z"}
{"label":"TEMPORAL_PROJECT","level":"info","message":"TEMPORAL_PROJECT is running on PORT 3249","timestamp":"2022-08-13T20:23:50.697Z"}
{"label":"TEMPORAL_PROJECT","level":"info","message":"TEMPORAL_PROJECT is running on PORT 3249","timestamp":"2022-08-13T20:28:38.354Z"}
{"label":"TEMPORAL_PROJECT","level":"info","message":"TEMPORAL_PROJECT is running on PORT 3249","timestamp":"2022-08-13T20:29:15.168Z"}
{"label":"TEMPORAL_PROJECT","level":"info","message":"TEMPORAL_PROJECT is running on PORT 3249","timestamp":"2022-08-13T20:29:23.499Z"}
{"label":"TEMPORAL_PROJECT","level":"info","message":"TEMPORAL_PROJECT is running on PORT 3249","timestamp":"2022-08-13T20:30:03.160Z"}
{"label":"TEMPORAL_PROJECT","level":"info","message":"TEMPORAL_PROJECT is running on PORT 3249","timestamp":"2022-08-13T20:30:13.040Z"}
{"label":"TEMPORAL_PROJECT","level":"info","message":"TEMPORAL_PROJECT is running on PORT 3249","timestamp":"2022-08-13T20:30:47.088Z"}
{"label":"TEMPORAL_PROJECT","level":"info","message":"TEMPORAL_PROJECT is running on PORT 3249","timestamp":"2022-08-13T20:38:01.466Z"}
{"label":"TEMPORAL_PROJECT","level":"info","message":"TEMPORAL_PROJECT is running on PORT 3249","timestamp":"2022-08-13T20:38:16.247Z"}
{"label":"TEMPORAL_PROJECT","level":"info","message":"TEMPORAL_PROJECT is running on PORT 3249","timestamp":"2022-08-13T20:38:35.729Z"}
{"label":"TEMPORAL_PROJECT","level":"info","message":"TEMPORAL_PROJECT is running on PORT 3249","timestamp":"2022-08-13T20:39:02.839Z"}
{"label":"TEMPORAL_PROJECT","level":"info","message":"TEMPORAL_PROJECT is running on PORT 3249","timestamp":"2022-08-13T20:39:50.705Z"}
{"label":"TEMPORAL_PROJECT","level":"info","message":"TEMPORAL_PROJECT is running on PORT 3249","timestamp":"2022-08-13T20:40:06.146Z"}
{"label":"TEMPORAL_PROJECT","level":"info","message":"TEMPORAL_PROJECT is running on PORT 3249","timestamp":"2022-08-13T20:40:19.330Z"}
{"label":"TEMPORAL_PROJECT","level":"info","message":"TEMPORAL_PROJECT is running on PORT 3249","timestamp":"2022-08-13T20:40:37.715Z"}
{"label":"TEMPORAL_PROJECT","level":"info","message":"TEMPORAL_PROJECT is running on PORT 3249","timestamp":"2022-08-13T20:40:59.349Z"}
{"label":"TEMPORAL_PROJECT","level":"info","message":"TEMPORAL_PROJECT is running on PORT 3249","timestamp":"2022-08-13T20:41:17.989Z"}
{"label":"TEMPORAL_PROJECT","level":"info","message":"TEMPORAL_PROJECT is running on PORT 3249","timestamp":"2022-08-13T20:43:14.237Z"}
{"label":"TEMPORAL_PROJECT","level":"info","message":"TEMPORAL_PROJECT is running on PORT 3249","timestamp":"2022-08-13T20:55:08.796Z"}
{"label":"TEMPORAL_PROJECT","level":"info","message":"TEMPORAL_PROJECT is running on PORT 3249","timestamp":"2022-08-13T20:55:22.917Z"}
{"label":"TEMPORAL_PROJECT","level":"info","message":"TEMPORAL_PROJECT is running on PORT 3249","timestamp":"2022-08-13T20:55:38.646Z"}
{"label":"TEMPORAL_PROJECT","level":"info","message":"TEMPORAL_PROJECT is running on PORT 3249","timestamp":"2022-08-13T21:02:28.742Z"}
{"label":"TEMPORAL_PROJECT","level":"info","message":"TEMPORAL_PROJECT is running on PORT 3249","timestamp":"2022-08-13T21:02:39.513Z"}
{"label":"TEMPORAL_PROJECT","level":"info","message":"TEMPORAL_PROJECT is running on PORT 3249","timestamp":"2022-08-13T21:04:12.009Z"}
{"label":"TEMPORAL_PROJECT","level":"info","message":"TEMPORAL_PROJECT is running on PORT 3249","timestamp":"2022-08-13T21:04:17.276Z"}
{"label":"TEMPORAL_PROJECT","level":"info","message":"TEMPORAL_PROJECT is running on PORT 3249","timestamp":"2022-08-13T21:05:31.108Z"}
{"label":"TEMPORAL_PROJECT","level":"info","message":"TEMPORAL_PROJECT is running on PORT 3249","timestamp":"2022-08-13T21:05:53.325Z"}
{"label":"TEMPORAL_PROJECT","level":"info","message":"TEMPORAL_PROJECT is running on PORT 3249","timestamp":"2022-08-13T21:06:51.899Z"}
{"label":"TEMPORAL_PROJECT","level":"info","message":"TEMPORAL_PROJECT is running on PORT 3249","timestamp":"2022-08-13T21:06:59.982Z"}
{"label":"TEMPORAL_PROJECT","level":"info","message":"TEMPORAL_PROJECT is running on PORT 3249","timestamp":"2022-08-13T21:07:17.269Z"}
{"label":"TEMPORAL_PROJECT","level":"info","message":"TEMPORAL_PROJECT is running on PORT 3249","timestamp":"2022-08-13T21:07:25.219Z"}
{"label":"TEMPORAL_PROJECT","level":"info","message":"TEMPORAL_PROJECT is running on PORT 3249","timestamp":"2022-08-13T21:29:10.609Z"}
{"label":"TEMPORAL_PROJECT","level":"info","message":"TEMPORAL_PROJECT is running on PORT 3249","timestamp":"2022-08-13T21:55:54.549Z"}
{"label":"TEMPORAL_PROJECT","level":"info","message":"TEMPORAL_PROJECT is running on PORT 3249","timestamp":"2022-08-13T21:56:48.932Z"}
{"label":"TEMPORAL_PROJECT","level":"info","message":"TEMPORAL_PROJECT is running on PORT 3249","timestamp":"2022-08-13T21:56:56.167Z"}
{"label":"TEMPORAL_PROJECT","level":"info","message":"TEMPORAL_PROJECT is running on PORT 3249","timestamp":"2022-08-13T21:57:05.491Z"}
{"label":"TEMPORAL_PROJECT","level":"info","message":"TEMPORAL_PROJECT is running on PORT 3249","timestamp":"2022-08-13T21:57:38.915Z"}
{"label":"TEMPORAL_PROJECT","level":"info","message":"TEMPORAL_PROJECT is running on PORT 3249","timestamp":"2022-08-13T21:58:26.188Z"}
{"label":"TEMPORAL_PROJECT","level":"info","message":"TEMPORAL_PROJECT is running on PORT 3249","timestamp":"2022-08-13T21:59:26.234Z"}
{"label":"TEMPORAL_PROJECT","level":"info","message":"TEMPORAL_PROJECT is running on PORT 3249","timestamp":"2022-08-13T22:00:18.553Z"}
{"label":"TEMPORAL_PROJECT","level":"info","message":"TEMPORAL_PROJECT is running on PORT 3249","timestamp":"2022-08-13T22:00:57.555Z"}
{"label":"TEMPORAL_PROJECT","level":"info","message":"TEMPORAL_PROJECT is running on PORT 3249","timestamp":"2022-08-13T22:49:40.245Z"}
{"label":"TEMPORAL_PROJECT","level":"error","message":"ApiError - 404 - Oops, You have reached a dead end - /api/user/signup - POST - ::1","timestamp":"2022-08-13T22:57:28.711Z"}
{"label":"TEMPORAL_PROJECT","level":"info","message":"::1 - - [13/Aug/2022:22:57:28 +0000] \"POST /api/user/signup HTTP/1.1\" 404 63 \"-\" \"PostmanRuntime/7.29.2\"\n","timestamp":"2022-08-13T22:57:28.724Z"}
{"label":"TEMPORAL_PROJECT","level":"error","message":"ApiError - 404 - Oops, You have reached a dead end - /api/user/signup - POST - ::1","timestamp":"2022-08-13T22:58:24.018Z"}
{"label":"TEMPORAL_PROJECT","level":"info","message":"::1 - - [13/Aug/2022:22:58:24 +0000] \"POST /api/user/signup HTTP/1.1\" 404 63 \"-\" \"PostmanRuntime/7.29.2\"\n","timestamp":"2022-08-13T22:58:24.022Z"}
{"label":"TEMPORAL_PROJECT","level":"error","message":"ApiError - 404 - Oops, You have reached a dead end - /api/user/signup - POST - ::1","timestamp":"2022-08-13T22:58:27.516Z"}
{"label":"TEMPORAL_PROJECT","level":"info","message":"::1 - - [13/Aug/2022:22:58:27 +0000] \"POST /api/user/signup HTTP/1.1\" 404 63 \"-\" \"PostmanRuntime/7.29.2\"\n","timestamp":"2022-08-13T22:58:27.519Z"}
{"label":"TEMPORAL_PROJECT","level":"info","message":"::1 - - [13/Aug/2022:23:01:44 +0000] \"GET / HTTP/1.1\" 200 84 \"-\" \"Mozilla/5.0 (Windows NT 10.0; Win64; x64) AppleWebKit/537.36 (KHTML, like Gecko) Chrome/104.0.0.0 Safari/537.36\"\n","timestamp":"2022-08-13T23:01:44.292Z"}
{"label":"TEMPORAL_PROJECT","level":"info","message":"TEMPORAL_PROJECT is running on PORT 3249","timestamp":"2022-08-13T23:04:08.629Z"}
{"label":"TEMPORAL_PROJECT","level":"info","message":"TEMPORAL_PROJECT is running on PORT 3000","timestamp":"2022-08-13T23:09:28.205Z"}
{"label":"TEMPORAL_PROJECT","level":"error","message":"ApiError - 404 - Oops, You have reached a dead end - /api/user/signup - POST - ::1","timestamp":"2022-08-13T23:10:12.659Z"}
{"label":"TEMPORAL_PROJECT","level":"info","message":"::1 - - [13/Aug/2022:23:10:12 +0000] \"POST /api/user/signup HTTP/1.1\" 404 63 \"-\" \"PostmanRuntime/7.29.2\"\n","timestamp":"2022-08-13T23:10:12.666Z"}
{"label":"TEMPORAL_PROJECT","level":"info","message":"TEMPORAL_PROJECT is running on PORT 3000","timestamp":"2022-08-15T09:31:15.319Z"}
{"label":"TEMPORAL_PROJECT","level":"error","message":"ApiError - 404 - Oops, You have reached a dead end - /api/user/signup - POST - ::1","timestamp":"2022-08-15T10:06:58.073Z"}
{"label":"TEMPORAL_PROJECT","level":"info","message":"::1 - - [15/Aug/2022:10:06:58 +0000] \"POST /api/user/signup HTTP/1.1\" 404 63 \"-\" \"PostmanRuntime/7.29.2\"\n","timestamp":"2022-08-15T10:06:58.083Z"}
{"label":"TEMPORAL_PROJECT","level":"info","message":"TEMPORAL_PROJECT is running on PORT 3000","timestamp":"2022-08-15T10:31:57.560Z"}
{"label":"TEMPORAL_PROJECT","level":"error","message":"ApiError - 404 - Oops, You have reached a dead end - /v1/api/user/signup - POST - ::1","timestamp":"2022-08-15T10:32:17.495Z"}
{"label":"TEMPORAL_PROJECT","level":"info","message":"::1 - - [15/Aug/2022:10:32:17 +0000] \"POST /v1/api/user/signup HTTP/1.1\" 404 63 \"-\" \"PostmanRuntime/7.29.2\"\n","timestamp":"2022-08-15T10:32:17.507Z"}
{"label":"TEMPORAL_PROJECT","level":"error","message":"ApiError - 404 - Oops, You have reached a dead end - /v1/api/api/user/signup - POST - ::1","timestamp":"2022-08-15T10:32:28.981Z"}
{"label":"TEMPORAL_PROJECT","level":"info","message":"::1 - - [15/Aug/2022:10:32:28 +0000] \"POST /v1/api/api/user/signup HTTP/1.1\" 404 63 \"-\" \"PostmanRuntime/7.29.2\"\n","timestamp":"2022-08-15T10:32:28.984Z"}
{"label":"TEMPORAL_PROJECT","level":"error","message":"ApiError - 500 - Oops, something broke on the server!!! - /api/v1/api/user/signup - POST - ::1","timestamp":"2022-08-15T10:33:08.874Z"}
{"label":"TEMPORAL_PROJECT","level":"info","message":"::1 - - [15/Aug/2022:10:33:08 +0000] \"POST /api/v1/api/user/signup HTTP/1.1\" 500 415 \"-\" \"PostmanRuntime/7.29.2\"\n","timestamp":"2022-08-15T10:33:08.876Z"}
{"label":"TEMPORAL_PROJECT","level":"info","message":"TEMPORAL_PROJECT is running on PORT 3000","timestamp":"2022-08-15T10:37:22.888Z"}
{"label":"TEMPORAL_PROJECT","level":"error","message":"ApiError - 500 - Oops, something broke on the server!!! - /api/v1/user/signup - POST - ::1","timestamp":"2022-08-15T10:37:27.096Z"}
{"label":"TEMPORAL_PROJECT","level":"info","message":"::1 - - [15/Aug/2022:10:37:27 +0000] \"POST /api/v1/user/signup HTTP/1.1\" 500 415 \"-\" \"PostmanRuntime/7.29.2\"\n","timestamp":"2022-08-15T10:37:27.103Z"}
{"label":"TEMPORAL_PROJECT","level":"info","message":"TEMPORAL_PROJECT is running on PORT 3000","timestamp":"2022-08-15T10:46:47.621Z"}
{"label":"TEMPORAL_PROJECT","level":"info","message":"TEMPORAL_PROJECT is running on PORT 3000","timestamp":"2022-08-15T10:48:53.183Z"}
{"label":"TEMPORAL_PROJECT","level":"info","message":"TEMPORAL_PROJECT is running on PORT 3000","timestamp":"2022-08-15T10:50:53.825Z"}
{"label":"TEMPORAL_PROJECT","level":"info","message":"TEMPORAL_PROJECT is running on PORT 3000","timestamp":"2022-08-15T10:51:17.217Z"}
{"label":"TEMPORAL_PROJECT","level":"info","message":"TEMPORAL_PROJECT is running on PORT 3000","timestamp":"2022-08-15T10:51:36.113Z"}
{"label":"TEMPORAL_PROJECT","level":"info","message":"::1 - - [15/Aug/2022:10:52:00 +0000] \"POST /api/v1/user/signup HTTP/1.1\" 200 67 \"-\" \"PostmanRuntime/7.29.2\"\n","timestamp":"2022-08-15T10:52:00.518Z"}
{"label":"TEMPORAL_PROJECT","level":"info","message":"TEMPORAL_PROJECT is running on PORT 3000","timestamp":"2022-08-15T11:06:20.770Z"}
